<?xml version="1.0" encoding="UTF-8" ?>
<testsuite failures="0" time="0.853" errors="0" skipped="0" tests="1" name="com.seajas.search.enricher.extensions.subrip.SubRipParserTest">
  <properties>
    <property name="java.runtime.name" value="Java(TM) SE Runtime Environment"/>
    <property name="sun.boot.library.path" value="/Library/Java/JavaVirtualMachines/1.7.0.jdk/Contents/Home/jre/lib"/>
    <property name="java.vm.version" value="23.0-b16"/>
    <property name="user.country.format" value="NL"/>
    <property name="gopherProxySet" value="false"/>
    <property name="java.vm.vendor" value="Oracle Corporation"/>
    <property name="java.vendor.url" value="http://java.oracle.com/"/>
    <property name="path.separator" value=":"/>
    <property name="java.vm.name" value="Java HotSpot(TM) 64-Bit Server VM"/>
    <property name="file.encoding.pkg" value="sun.io"/>
    <property name="user.country" value="US"/>
    <property name="sun.java.launcher" value="SUN_STANDARD"/>
    <property name="sun.os.patch.level" value="unknown"/>
    <property name="java.vm.specification.name" value="Java Virtual Machine Specification"/>
    <property name="user.dir" value="/Users/jasper/Development/Seajas/Search/enricher-extensions/trunk"/>
    <property name="java.runtime.version" value="1.7.0_04-ea-b15"/>
    <property name="java.awt.graphicsenv" value="sun.awt.CGraphicsEnvironment"/>
    <property name="basedir" value="/Users/jasper/Development/Seajas/Search/enricher-extensions/trunk"/>
    <property name="java.endorsed.dirs" value="/Library/Java/JavaVirtualMachines/1.7.0.jdk/Contents/Home/jre/lib/endorsed"/>
    <property name="os.arch" value="amd64"/>
    <property name="surefire.real.class.path" value="/var/folders/gl/wnxq42f50k973gz62tddzyv80000gn/T/surefirebooter4913555910381063241.jar"/>
    <property name="java.io.tmpdir" value="/var/folders/gl/wnxq42f50k973gz62tddzyv80000gn/T/"/>
    <property name="line.separator" value="
"/>
    <property name="java.vm.specification.vendor" value="Oracle Corporation"/>
    <property name="os.name" value="Mac OS X"/>
    <property name="sun.jnu.encoding" value="UTF-8"/>
    <property name="java.library.path" value="/Users/jasper/Library/Java/Extensions:/Library/Java/Extensions:/Network/Library/Java/Extensions:/System/Library/Java/Extensions:/usr/lib/java"/>
    <property name="surefire.test.class.path" value="/Users/jasper/Development/Seajas/Search/enricher-extensions/trunk/target/test-classes:/Users/jasper/Development/Seajas/Search/enricher-extensions/trunk/target/classes:/Users/jasper/.m2/repository/commons-lang/commons-lang/2.4/commons-lang-2.4.jar:/Users/jasper/.m2/repository/org/apache/tika/tika-parsers/1.3/tika-parsers-1.3.jar:/Users/jasper/.m2/repository/org/apache/tika/tika-core/1.3/tika-core-1.3.jar:/Users/jasper/.m2/repository/org/gagravarr/vorbis-java-tika/0.1/vorbis-java-tika-0.1.jar:/Users/jasper/.m2/repository/org/gagravarr/vorbis-java-core/0.1/vorbis-java-core-0.1-tests.jar:/Users/jasper/.m2/repository/edu/ucar/netcdf/4.2-min/netcdf-4.2-min.jar:/Users/jasper/.m2/repository/org/apache/james/apache-mime4j-core/0.7.2/apache-mime4j-core-0.7.2.jar:/Users/jasper/.m2/repository/org/apache/james/apache-mime4j-dom/0.7.2/apache-mime4j-dom-0.7.2.jar:/Users/jasper/.m2/repository/org/apache/commons/commons-compress/1.4.1/commons-compress-1.4.1.jar:/Users/jasper/.m2/repository/org/tukaani/xz/1.0/xz-1.0.jar:/Users/jasper/.m2/repository/commons-codec/commons-codec/1.5/commons-codec-1.5.jar:/Users/jasper/.m2/repository/org/apache/pdfbox/pdfbox/1.7.1/pdfbox-1.7.1.jar:/Users/jasper/.m2/repository/org/apache/pdfbox/fontbox/1.7.1/fontbox-1.7.1.jar:/Users/jasper/.m2/repository/org/apache/pdfbox/jempbox/1.7.1/jempbox-1.7.1.jar:/Users/jasper/.m2/repository/org/bouncycastle/bcmail-jdk15/1.45/bcmail-jdk15-1.45.jar:/Users/jasper/.m2/repository/org/bouncycastle/bcprov-jdk15/1.45/bcprov-jdk15-1.45.jar:/Users/jasper/.m2/repository/org/apache/poi/poi/3.8/poi-3.8.jar:/Users/jasper/.m2/repository/org/apache/poi/poi-scratchpad/3.8/poi-scratchpad-3.8.jar:/Users/jasper/.m2/repository/org/apache/poi/poi-ooxml/3.8/poi-ooxml-3.8.jar:/Users/jasper/.m2/repository/org/apache/poi/poi-ooxml-schemas/3.8/poi-ooxml-schemas-3.8.jar:/Users/jasper/.m2/repository/org/apache/xmlbeans/xmlbeans/2.3.0/xmlbeans-2.3.0.jar:/Users/jasper/.m2/repository/dom4j/dom4j/1.6.1/dom4j-1.6.1.jar:/Users/jasper/.m2/repository/org/apache/geronimo/specs/geronimo-stax-api_1.0_spec/1.0.1/geronimo-stax-api_1.0_spec-1.0.1.jar:/Users/jasper/.m2/repository/org/ccil/cowan/tagsoup/tagsoup/1.2.1/tagsoup-1.2.1.jar:/Users/jasper/.m2/repository/asm/asm/3.1/asm-3.1.jar:/Users/jasper/.m2/repository/com/googlecode/mp4parser/isoparser/1.0-RC-1/isoparser-1.0-RC-1.jar:/Users/jasper/.m2/repository/org/aspectj/aspectjrt/1.6.11/aspectjrt-1.6.11.jar:/Users/jasper/.m2/repository/com/drewnoakes/metadata-extractor/2.6.2/metadata-extractor-2.6.2.jar:/Users/jasper/.m2/repository/com/adobe/xmp/xmpcore/5.1.2/xmpcore-5.1.2.jar:/Users/jasper/.m2/repository/de/l3s/boilerpipe/boilerpipe/1.1.0/boilerpipe-1.1.0.jar:/Users/jasper/.m2/repository/rome/rome/0.9/rome-0.9.jar:/Users/jasper/.m2/repository/jdom/jdom/1.0/jdom-1.0.jar:/Users/jasper/.m2/repository/org/gagravarr/vorbis-java-core/0.1/vorbis-java-core-0.1.jar:/Users/jasper/.m2/repository/com/googlecode/juniversalchardet/juniversalchardet/1.0.3/juniversalchardet-1.0.3.jar:/Users/jasper/.m2/repository/ch/qos/logback/logback-core/1.0.13/logback-core-1.0.13.jar:/Users/jasper/.m2/repository/ch/qos/logback/logback-classic/1.0.13/logback-classic-1.0.13.jar:/Users/jasper/.m2/repository/org/slf4j/slf4j-api/1.7.5/slf4j-api-1.7.5.jar:/Users/jasper/.m2/repository/org/slf4j/jcl-over-slf4j/1.7.5/jcl-over-slf4j-1.7.5.jar:/Users/jasper/.m2/repository/org/slf4j/log4j-over-slf4j/1.7.5/log4j-over-slf4j-1.7.5.jar:/Users/jasper/.m2/repository/org/slf4j/jul-to-slf4j/1.7.5/jul-to-slf4j-1.7.5.jar:/Users/jasper/.m2/repository/nl/minbzk/dwr/zoeken/search-enricher/3.0.0-SNAPSHOT/search-enricher-3.0.0-SNAPSHOT.jar:/Users/jasper/.m2/repository/org/apache/activemq/activemq-client/5.8.0/activemq-client-5.8.0.jar:/Users/jasper/.m2/repository/org/apache/geronimo/specs/geronimo-jms_1.1_spec/1.1.1/geronimo-jms_1.1_spec-1.1.1.jar:/Users/jasper/.m2/repository/org/fusesource/hawtbuf/hawtbuf/1.9/hawtbuf-1.9.jar:/Users/jasper/.m2/repository/org/apache/geronimo/specs/geronimo-j2ee-management_1.1_spec/1.0.1/geronimo-j2ee-management_1.1_spec-1.0.1.jar:/Users/jasper/.m2/repository/org/springframework/spring-core/3.2.3.RELEASE/spring-core-3.2.3.RELEASE.jar:/Users/jasper/.m2/repository/org/springframework/spring-context/3.2.3.RELEASE/spring-context-3.2.3.RELEASE.jar:/Users/jasper/.m2/repository/org/springframework/spring-aop/3.2.3.RELEASE/spring-aop-3.2.3.RELEASE.jar:/Users/jasper/.m2/repository/org/springframework/spring-beans/3.2.3.RELEASE/spring-beans-3.2.3.RELEASE.jar:/Users/jasper/.m2/repository/org/springframework/spring-expression/3.2.3.RELEASE/spring-expression-3.2.3.RELEASE.jar:/Users/jasper/.m2/repository/org/springframework/spring-web/3.2.3.RELEASE/spring-web-3.2.3.RELEASE.jar:/Users/jasper/.m2/repository/aopalliance/aopalliance/1.0/aopalliance-1.0.jar:/Users/jasper/.m2/repository/org/springframework/spring-webmvc/3.2.3.RELEASE/spring-webmvc-3.2.3.RELEASE.jar:/Users/jasper/.m2/repository/org/springframework/spring-jms/3.2.3.RELEASE/spring-jms-3.2.3.RELEASE.jar:/Users/jasper/.m2/repository/org/springframework/spring-tx/3.2.3.RELEASE/spring-tx-3.2.3.RELEASE.jar:/Users/jasper/.m2/repository/org/springframework/integration/spring-integration-core/2.2.4.RELEASE/spring-integration-core-2.2.4.RELEASE.jar:/Users/jasper/.m2/repository/org/springframework/retry/spring-retry/1.0.2.RELEASE/spring-retry-1.0.2.RELEASE.jar:/Users/jasper/.m2/repository/org/springframework/integration/spring-integration-jms/2.2.4.RELEASE/spring-integration-jms-2.2.4.RELEASE.jar:/Users/jasper/.m2/repository/org/apache/cxf/cxf-rt-frontend-jaxws/2.5.0/cxf-rt-frontend-jaxws-2.5.0.jar:/Users/jasper/.m2/repository/xml-resolver/xml-resolver/1.2/xml-resolver-1.2.jar:/Users/jasper/.m2/repository/org/apache/cxf/cxf-api/2.5.0/cxf-api-2.5.0.jar:/Users/jasper/.m2/repository/org/apache/cxf/cxf-common-utilities/2.5.0/cxf-common-utilities-2.5.0.jar:/Users/jasper/.m2/repository/org/codehaus/woodstox/woodstox-core-asl/4.1.1/woodstox-core-asl-4.1.1.jar:/Users/jasper/.m2/repository/org/codehaus/woodstox/stax2-api/3.1.1/stax2-api-3.1.1.jar:/Users/jasper/.m2/repository/org/apache/ws/xmlschema/xmlschema-core/2.0.1/xmlschema-core-2.0.1.jar:/Users/jasper/.m2/repository/org/apache/neethi/neethi/3.0.1/neethi-3.0.1.jar:/Users/jasper/.m2/repository/wsdl4j/wsdl4j/1.6.2/wsdl4j-1.6.2.jar:/Users/jasper/.m2/repository/org/apache/cxf/cxf-rt-core/2.5.0/cxf-rt-core-2.5.0.jar:/Users/jasper/.m2/repository/com/sun/xml/bind/jaxb-impl/2.2.4-1/jaxb-impl-2.2.4-1.jar:/Users/jasper/.m2/repository/org/apache/cxf/cxf-rt-bindings-soap/2.5.0/cxf-rt-bindings-soap-2.5.0.jar:/Users/jasper/.m2/repository/org/apache/cxf/cxf-tools-common/2.5.0/cxf-tools-common-2.5.0.jar:/Users/jasper/.m2/repository/org/apache/cxf/cxf-rt-databinding-jaxb/2.5.0/cxf-rt-databinding-jaxb-2.5.0.jar:/Users/jasper/.m2/repository/org/apache/cxf/cxf-rt-bindings-xml/2.5.0/cxf-rt-bindings-xml-2.5.0.jar:/Users/jasper/.m2/repository/org/apache/cxf/cxf-rt-frontend-simple/2.5.0/cxf-rt-frontend-simple-2.5.0.jar:/Users/jasper/.m2/repository/org/apache/cxf/cxf-rt-ws-addr/2.5.0/cxf-rt-ws-addr-2.5.0.jar:/Users/jasper/.m2/repository/org/apache/cxf/cxf-rt-transports-http/2.5.0/cxf-rt-transports-http-2.5.0.jar:/Users/jasper/.m2/repository/org/apache/cxf/cxf-rt-transports-common/2.5.0/cxf-rt-transports-common-2.5.0.jar:/Users/jasper/.m2/repository/xerces/xercesImpl/2.8.1/xercesImpl-2.8.1.jar:/Users/jasper/.m2/repository/xml-apis/xml-apis/1.3.03/xml-apis-1.3.03.jar:/Users/jasper/.m2/repository/org/apache/solr/solr-core/4.4.0/solr-core-4.4.0.jar:/Users/jasper/.m2/repository/org/apache/lucene/lucene-codecs/4.4.0/lucene-codecs-4.4.0.jar:/Users/jasper/.m2/repository/org/apache/lucene/lucene-analyzers-phonetic/4.4.0/lucene-analyzers-phonetic-4.4.0.jar:/Users/jasper/.m2/repository/org/apache/lucene/lucene-misc/4.4.0/lucene-misc-4.4.0.jar:/Users/jasper/.m2/repository/org/apache/lucene/lucene-suggest/4.4.0/lucene-suggest-4.4.0.jar:/Users/jasper/.m2/repository/org/apache/lucene/lucene-grouping/4.4.0/lucene-grouping-4.4.0.jar:/Users/jasper/.m2/repository/com/googlecode/concurrentlinkedhashmap/concurrentlinkedhashmap-lru/1.2/concurrentlinkedhashmap-lru-1.2.jar:/Users/jasper/.m2/repository/commons-cli/commons-cli/1.2/commons-cli-1.2.jar:/Users/jasper/.m2/repository/commons-fileupload/commons-fileupload/1.2.1/commons-fileupload-1.2.1.jar:/Users/jasper/.m2/repository/joda-time/joda-time/2.2/joda-time-2.2.jar:/Users/jasper/.m2/repository/org/apache/hadoop/hadoop-annotations/2.0.5-alpha/hadoop-annotations-2.0.5-alpha.jar:/Users/jasper/.m2/repository/org/apache/hadoop/hadoop-auth/2.0.5-alpha/hadoop-auth-2.0.5-alpha.jar:/Users/jasper/.m2/repository/org/apache/hadoop/hadoop-common/2.0.5-alpha/hadoop-common-2.0.5-alpha.jar:/Users/jasper/.m2/repository/org/mortbay/jetty/jetty/6.1.26/jetty-6.1.26.jar:/Users/jasper/.m2/repository/org/mortbay/jetty/jetty-util/6.1.26/jetty-util-6.1.26.jar:/Users/jasper/.m2/repository/javax/servlet/jsp/jsp-api/2.1/jsp-api-2.1.jar:/Users/jasper/.m2/repository/commons-configuration/commons-configuration/1.6/commons-configuration-1.6.jar:/Users/jasper/.m2/repository/commons-collections/commons-collections/3.2.1/commons-collections-3.2.1.jar:/Users/jasper/.m2/repository/com/google/protobuf/protobuf-java/2.4.0a/protobuf-java-2.4.0a.jar:/Users/jasper/.m2/repository/org/apache/hadoop/hadoop-hdfs/2.0.5-alpha/hadoop-hdfs-2.0.5-alpha.jar:/Users/jasper/.m2/repository/org/restlet/jee/org.restlet/2.1.1/org.restlet-2.1.1.jar:/Users/jasper/.m2/repository/org/restlet/jee/org.restlet.ext.servlet/2.1.1/org.restlet.ext.servlet-2.1.1.jar:/Users/jasper/.m2/repository/com/google/guava/guava/14.0.1/guava-14.0.1.jar:/Users/jasper/.m2/repository/org/codehaus/woodstox/wstx-asl/3.2.7/wstx-asl-3.2.7.jar:/Users/jasper/.m2/repository/org/apache/solr/solr-solrj/4.4.0/solr-solrj-4.4.0.jar:/Users/jasper/.m2/repository/org/noggit/noggit/0.5/noggit-0.5.jar:/Users/jasper/.m2/repository/org/elasticsearch/elasticsearch/0.90.3/elasticsearch-0.90.3.jar:/Users/jasper/.m2/repository/org/apache/lucene/lucene-join/4.4.0/lucene-join-4.4.0.jar:/Users/jasper/.m2/repository/org/apache/lucene/lucene-core/4.4.0/lucene-core-4.4.0.jar:/Users/jasper/.m2/repository/org/apache/lucene/lucene-queries/4.4.0/lucene-queries-4.4.0.jar:/Users/jasper/.m2/repository/org/apache/lucene/lucene-highlighter/4.4.0/lucene-highlighter-4.4.0.jar:/Users/jasper/.m2/repository/org/apache/lucene/lucene-queryparser/4.4.0/lucene-queryparser-4.4.0.jar:/Users/jasper/.m2/repository/org/apache/lucene/lucene-sandbox/4.4.0/lucene-sandbox-4.4.0.jar:/Users/jasper/.m2/repository/jakarta-regexp/jakarta-regexp/1.4/jakarta-regexp-1.4.jar:/Users/jasper/.m2/repository/org/apache/lucene/lucene-memory/4.4.0/lucene-memory-4.4.0.jar:/Users/jasper/.m2/repository/org/apache/lucene/lucene-analyzers-common/4.4.0/lucene-analyzers-common-4.4.0.jar:/Users/jasper/.m2/repository/org/apache/solr/solr-analysis-extras/4.4.0/solr-analysis-extras-4.4.0.jar:/Users/jasper/.m2/repository/org/apache/lucene/lucene-analyzers-icu/4.4.0/lucene-analyzers-icu-4.4.0.jar:/Users/jasper/.m2/repository/org/apache/lucene/lucene-analyzers-stempel/4.4.0/lucene-analyzers-stempel-4.4.0.jar:/Users/jasper/.m2/repository/com/spatial4j/spatial4j/0.3/spatial4j-0.3.jar:/Users/jasper/.m2/repository/org/apache/lucene/lucene-analyzers-kuromoji/4.4.0/lucene-analyzers-kuromoji-4.4.0.jar:/Users/jasper/.m2/repository/org/apache/lucene/lucene-analyzers-smartcn/4.4.0/lucene-analyzers-smartcn-4.4.0.jar:/Users/jasper/.m2/repository/org/apache/lucene/lucene-spatial/4.4.0/lucene-spatial-4.4.0.jar:/Users/jasper/.m2/repository/com/ibm/icu/icu4j/4.8.1.1/icu4j-4.8.1.1.jar:/Users/jasper/.m2/repository/commons-io/commons-io/2.4/commons-io-2.4.jar:/Users/jasper/.m2/repository/org/apache/zookeeper/zookeeper/3.3.4/zookeeper-3.3.4.jar:/Users/jasper/.m2/repository/jline/jline/0.9.94/jline-0.9.94.jar:/Users/jasper/.m2/repository/org/apache/httpcomponents/httpcore/4.2.4/httpcore-4.2.4.jar:/Users/jasper/.m2/repository/org/apache/httpcomponents/httpclient/4.2.5/httpclient-4.2.5.jar:/Users/jasper/.m2/repository/org/apache/httpcomponents/httpmime/4.2.5/httpmime-4.2.5.jar:/Users/jasper/.m2/repository/net/sourceforge/nekohtml/nekohtml/1.9.14/nekohtml-1.9.14.jar:/Users/jasper/.m2/repository/net/sourceforge/htmlcleaner/htmlcleaner/2.2/htmlcleaner-2.2.jar:/Users/jasper/.m2/repository/org/jdom/jdom/1.1/jdom-1.1.jar:/Users/jasper/.m2/repository/org/apache/ant/ant/1.7.0/ant-1.7.0.jar:/Users/jasper/.m2/repository/org/apache/ant/ant-launcher/1.7.0/ant-launcher-1.7.0.jar:/Users/jasper/.m2/repository/net/sf/opencsv/opencsv/2.3/opencsv-2.3.jar:/Users/jasper/.m2/repository/net/arnx/jsonic/jsonic/1.2.0/jsonic-1.2.0.jar:/Users/jasper/.m2/repository/com/cybozu/labs/langdetect/09132011/langdetect-09132011.jar:/Users/jasper/.m2/repository/org/apache/uima/uimaj-core/2.4.0/uimaj-core-2.4.0.jar:/Users/jasper/.m2/repository/org/apache/opennlp/opennlp-uima/1.5.2-incubating/opennlp-uima-1.5.2-incubating.jar:/Users/jasper/.m2/repository/org/apache/opennlp/opennlp-tools/1.5.2-incubating/opennlp-tools-1.5.2-incubating.jar:/Users/jasper/.m2/repository/org/apache/opennlp/opennlp-maxent/3.0.2-incubating/opennlp-maxent-3.0.2-incubating.jar:/Users/jasper/.m2/repository/jwnl/jwnl/1.3.3/jwnl-1.3.3.jar:/Users/jasper/.m2/repository/org/codehaus/jackson/jackson-mapper-asl/1.9.5/jackson-mapper-asl-1.9.5.jar:/Users/jasper/.m2/repository/org/codehaus/jackson/jackson-core-asl/1.9.5/jackson-core-asl-1.9.5.jar:/Users/jasper/.m2/repository/net/sf/ehcache/ehcache-core/2.4.6/ehcache-core-2.4.6.jar:/Users/jasper/.m2/repository/org/springframework/data/spring-data-mongodb/1.1.1.RELEASE/spring-data-mongodb-1.1.1.RELEASE.jar:/Users/jasper/.m2/repository/org/springframework/data/spring-data-commons-core/1.4.0.RELEASE/spring-data-commons-core-1.4.0.RELEASE.jar:/Users/jasper/.m2/repository/org/mongodb/mongo-java-driver/2.9.1/mongo-java-driver-2.9.1.jar:/Users/jasper/.m2/repository/com/seajas/search/bridge/3.0.0/bridge-3.0.0.jar:/Users/jasper/.m2/repository/com/seajas/search/utilities/3.0.0/utilities-3.0.0.jar:/Users/jasper/.m2/repository/org/springframework/security/spring-security-core/3.1.4.RELEASE/spring-security-core-3.1.4.RELEASE.jar:/Users/jasper/.m2/repository/org/springframework/security/spring-security-web/3.1.4.RELEASE/spring-security-web-3.1.4.RELEASE.jar:/Users/jasper/.m2/repository/org/springframework/spring-jdbc/3.0.7.RELEASE/spring-jdbc-3.0.7.RELEASE.jar:/Users/jasper/.m2/repository/org/springframework/security/spring-security-config/3.1.4.RELEASE/spring-security-config-3.1.4.RELEASE.jar:/Users/jasper/.m2/repository/org/springframework/security/spring-security-taglibs/3.1.4.RELEASE/spring-security-taglibs-3.1.4.RELEASE.jar:/Users/jasper/.m2/repository/org/springframework/security/spring-security-acl/3.1.4.RELEASE/spring-security-acl-3.1.4.RELEASE.jar:/Users/jasper/.m2/repository/org/springframework/ldap/spring-ldap-core/1.3.0.RELEASE/spring-ldap-core-1.3.0.RELEASE.jar:/Users/jasper/.m2/repository/commons-dbcp/commons-dbcp/1.3/commons-dbcp-1.3.jar:/Users/jasper/.m2/repository/commons-pool/commons-pool/1.6/commons-pool-1.6.jar:/Users/jasper/.m2/repository/commons-net/commons-net/3.3/commons-net-3.3.jar:/Users/jasper/.m2/repository/org/hsqldb/hsqldb/2.0.0/hsqldb-2.0.0.jar:/Users/jasper/.m2/repository/org/quartz-scheduler/quartz/2.1.6/quartz-2.1.6.jar:/Users/jasper/.m2/repository/c3p0/c3p0/0.9.1.1/c3p0-0.9.1.1.jar:/Users/jasper/.m2/repository/se/fishtank/css-selectors/1.0.4/css-selectors-1.0.4.jar:/Users/jasper/.m2/repository/nu/validator/htmlparser/htmlparser/1.4/htmlparser-1.4.jar:/Users/jasper/.m2/repository/com/cedarsoftware/json-io/2.0/json-io-2.0.jar:/Users/jasper/.m2/repository/javax/servlet/jstl/1.2/jstl-1.2.jar:/Users/jasper/.m2/repository/taglibs/standard/1.1.2/standard-1.1.2.jar:/Users/jasper/.m2/repository/taglibs/string/1.1.0/string-1.1.0.jar:/Users/jasper/.m2/repository/org/aspectj/aspectjweaver/1.7.2/aspectjweaver-1.7.2.jar:/Users/jasper/.m2/repository/org/directwebremoting/dwr/3.0-r154/dwr-3.0-r154.jar:/Users/jasper/.m2/repository/commons-validator/commons-validator/1.3.1/commons-validator-1.3.1.jar:/Users/jasper/.m2/repository/commons-beanutils/commons-beanutils/1.7.0/commons-beanutils-1.7.0.jar:/Users/jasper/.m2/repository/commons-digester/commons-digester/1.6/commons-digester-1.6.jar:/Users/jasper/.m2/repository/net/sf/ehcache/ehcache-jmsreplication/0.4/ehcache-jmsreplication-0.4.jar:/Users/jasper/.m2/repository/org/rometools/rome-modules/1.0/rome-modules-1.0.jar:/Users/jasper/.m2/repository/org/rometools/rome-fetcher/1.2/rome-fetcher-1.2.jar:/Users/jasper/.m2/repository/com/seajas/search/attender-bridge/3.0.0/attender-bridge-3.0.0.jar:/Users/jasper/.m2/repository/junit/junit/4.6/junit-4.6.jar:"/>
    <property name="java.specification.name" value="Java Platform API Specification"/>
    <property name="java.class.version" value="51.0"/>
    <property name="sun.management.compiler" value="HotSpot 64-Bit Tiered Compilers"/>
    <property name="os.version" value="10.8.4"/>
    <property name="http.nonProxyHosts" value="local|*.local|169.254/16|*.169.254/16"/>
    <property name="user.home" value="/Users/jasper"/>
    <property name="user.timezone" value="America/Los_Angeles"/>
    <property name="java.awt.printerjob" value="sun.lwawt.macosx.CPrinterJob"/>
    <property name="java.specification.version" value="1.7"/>
    <property name="file.encoding" value="UTF-8"/>
    <property name="user.name" value="jasper"/>
    <property name="java.class.path" value="/Users/jasper/Development/Seajas/Search/enricher-extensions/trunk/target/test-classes:/Users/jasper/Development/Seajas/Search/enricher-extensions/trunk/target/classes:/Users/jasper/.m2/repository/commons-lang/commons-lang/2.4/commons-lang-2.4.jar:/Users/jasper/.m2/repository/org/apache/tika/tika-parsers/1.3/tika-parsers-1.3.jar:/Users/jasper/.m2/repository/org/apache/tika/tika-core/1.3/tika-core-1.3.jar:/Users/jasper/.m2/repository/org/gagravarr/vorbis-java-tika/0.1/vorbis-java-tika-0.1.jar:/Users/jasper/.m2/repository/org/gagravarr/vorbis-java-core/0.1/vorbis-java-core-0.1-tests.jar:/Users/jasper/.m2/repository/edu/ucar/netcdf/4.2-min/netcdf-4.2-min.jar:/Users/jasper/.m2/repository/org/apache/james/apache-mime4j-core/0.7.2/apache-mime4j-core-0.7.2.jar:/Users/jasper/.m2/repository/org/apache/james/apache-mime4j-dom/0.7.2/apache-mime4j-dom-0.7.2.jar:/Users/jasper/.m2/repository/org/apache/commons/commons-compress/1.4.1/commons-compress-1.4.1.jar:/Users/jasper/.m2/repository/org/tukaani/xz/1.0/xz-1.0.jar:/Users/jasper/.m2/repository/commons-codec/commons-codec/1.5/commons-codec-1.5.jar:/Users/jasper/.m2/repository/org/apache/pdfbox/pdfbox/1.7.1/pdfbox-1.7.1.jar:/Users/jasper/.m2/repository/org/apache/pdfbox/fontbox/1.7.1/fontbox-1.7.1.jar:/Users/jasper/.m2/repository/org/apache/pdfbox/jempbox/1.7.1/jempbox-1.7.1.jar:/Users/jasper/.m2/repository/org/bouncycastle/bcmail-jdk15/1.45/bcmail-jdk15-1.45.jar:/Users/jasper/.m2/repository/org/bouncycastle/bcprov-jdk15/1.45/bcprov-jdk15-1.45.jar:/Users/jasper/.m2/repository/org/apache/poi/poi/3.8/poi-3.8.jar:/Users/jasper/.m2/repository/org/apache/poi/poi-scratchpad/3.8/poi-scratchpad-3.8.jar:/Users/jasper/.m2/repository/org/apache/poi/poi-ooxml/3.8/poi-ooxml-3.8.jar:/Users/jasper/.m2/repository/org/apache/poi/poi-ooxml-schemas/3.8/poi-ooxml-schemas-3.8.jar:/Users/jasper/.m2/repository/org/apache/xmlbeans/xmlbeans/2.3.0/xmlbeans-2.3.0.jar:/Users/jasper/.m2/repository/dom4j/dom4j/1.6.1/dom4j-1.6.1.jar:/Users/jasper/.m2/repository/org/apache/geronimo/specs/geronimo-stax-api_1.0_spec/1.0.1/geronimo-stax-api_1.0_spec-1.0.1.jar:/Users/jasper/.m2/repository/org/ccil/cowan/tagsoup/tagsoup/1.2.1/tagsoup-1.2.1.jar:/Users/jasper/.m2/repository/asm/asm/3.1/asm-3.1.jar:/Users/jasper/.m2/repository/com/googlecode/mp4parser/isoparser/1.0-RC-1/isoparser-1.0-RC-1.jar:/Users/jasper/.m2/repository/org/aspectj/aspectjrt/1.6.11/aspectjrt-1.6.11.jar:/Users/jasper/.m2/repository/com/drewnoakes/metadata-extractor/2.6.2/metadata-extractor-2.6.2.jar:/Users/jasper/.m2/repository/com/adobe/xmp/xmpcore/5.1.2/xmpcore-5.1.2.jar:/Users/jasper/.m2/repository/de/l3s/boilerpipe/boilerpipe/1.1.0/boilerpipe-1.1.0.jar:/Users/jasper/.m2/repository/rome/rome/0.9/rome-0.9.jar:/Users/jasper/.m2/repository/jdom/jdom/1.0/jdom-1.0.jar:/Users/jasper/.m2/repository/org/gagravarr/vorbis-java-core/0.1/vorbis-java-core-0.1.jar:/Users/jasper/.m2/repository/com/googlecode/juniversalchardet/juniversalchardet/1.0.3/juniversalchardet-1.0.3.jar:/Users/jasper/.m2/repository/ch/qos/logback/logback-core/1.0.13/logback-core-1.0.13.jar:/Users/jasper/.m2/repository/ch/qos/logback/logback-classic/1.0.13/logback-classic-1.0.13.jar:/Users/jasper/.m2/repository/org/slf4j/slf4j-api/1.7.5/slf4j-api-1.7.5.jar:/Users/jasper/.m2/repository/org/slf4j/jcl-over-slf4j/1.7.5/jcl-over-slf4j-1.7.5.jar:/Users/jasper/.m2/repository/org/slf4j/log4j-over-slf4j/1.7.5/log4j-over-slf4j-1.7.5.jar:/Users/jasper/.m2/repository/org/slf4j/jul-to-slf4j/1.7.5/jul-to-slf4j-1.7.5.jar:/Users/jasper/.m2/repository/nl/minbzk/dwr/zoeken/search-enricher/3.0.0-SNAPSHOT/search-enricher-3.0.0-SNAPSHOT.jar:/Users/jasper/.m2/repository/org/apache/activemq/activemq-client/5.8.0/activemq-client-5.8.0.jar:/Users/jasper/.m2/repository/org/apache/geronimo/specs/geronimo-jms_1.1_spec/1.1.1/geronimo-jms_1.1_spec-1.1.1.jar:/Users/jasper/.m2/repository/org/fusesource/hawtbuf/hawtbuf/1.9/hawtbuf-1.9.jar:/Users/jasper/.m2/repository/org/apache/geronimo/specs/geronimo-j2ee-management_1.1_spec/1.0.1/geronimo-j2ee-management_1.1_spec-1.0.1.jar:/Users/jasper/.m2/repository/org/springframework/spring-core/3.2.3.RELEASE/spring-core-3.2.3.RELEASE.jar:/Users/jasper/.m2/repository/org/springframework/spring-context/3.2.3.RELEASE/spring-context-3.2.3.RELEASE.jar:/Users/jasper/.m2/repository/org/springframework/spring-aop/3.2.3.RELEASE/spring-aop-3.2.3.RELEASE.jar:/Users/jasper/.m2/repository/org/springframework/spring-beans/3.2.3.RELEASE/spring-beans-3.2.3.RELEASE.jar:/Users/jasper/.m2/repository/org/springframework/spring-expression/3.2.3.RELEASE/spring-expression-3.2.3.RELEASE.jar:/Users/jasper/.m2/repository/org/springframework/spring-web/3.2.3.RELEASE/spring-web-3.2.3.RELEASE.jar:/Users/jasper/.m2/repository/aopalliance/aopalliance/1.0/aopalliance-1.0.jar:/Users/jasper/.m2/repository/org/springframework/spring-webmvc/3.2.3.RELEASE/spring-webmvc-3.2.3.RELEASE.jar:/Users/jasper/.m2/repository/org/springframework/spring-jms/3.2.3.RELEASE/spring-jms-3.2.3.RELEASE.jar:/Users/jasper/.m2/repository/org/springframework/spring-tx/3.2.3.RELEASE/spring-tx-3.2.3.RELEASE.jar:/Users/jasper/.m2/repository/org/springframework/integration/spring-integration-core/2.2.4.RELEASE/spring-integration-core-2.2.4.RELEASE.jar:/Users/jasper/.m2/repository/org/springframework/retry/spring-retry/1.0.2.RELEASE/spring-retry-1.0.2.RELEASE.jar:/Users/jasper/.m2/repository/org/springframework/integration/spring-integration-jms/2.2.4.RELEASE/spring-integration-jms-2.2.4.RELEASE.jar:/Users/jasper/.m2/repository/org/apache/cxf/cxf-rt-frontend-jaxws/2.5.0/cxf-rt-frontend-jaxws-2.5.0.jar:/Users/jasper/.m2/repository/xml-resolver/xml-resolver/1.2/xml-resolver-1.2.jar:/Users/jasper/.m2/repository/org/apache/cxf/cxf-api/2.5.0/cxf-api-2.5.0.jar:/Users/jasper/.m2/repository/org/apache/cxf/cxf-common-utilities/2.5.0/cxf-common-utilities-2.5.0.jar:/Users/jasper/.m2/repository/org/codehaus/woodstox/woodstox-core-asl/4.1.1/woodstox-core-asl-4.1.1.jar:/Users/jasper/.m2/repository/org/codehaus/woodstox/stax2-api/3.1.1/stax2-api-3.1.1.jar:/Users/jasper/.m2/repository/org/apache/ws/xmlschema/xmlschema-core/2.0.1/xmlschema-core-2.0.1.jar:/Users/jasper/.m2/repository/org/apache/neethi/neethi/3.0.1/neethi-3.0.1.jar:/Users/jasper/.m2/repository/wsdl4j/wsdl4j/1.6.2/wsdl4j-1.6.2.jar:/Users/jasper/.m2/repository/org/apache/cxf/cxf-rt-core/2.5.0/cxf-rt-core-2.5.0.jar:/Users/jasper/.m2/repository/com/sun/xml/bind/jaxb-impl/2.2.4-1/jaxb-impl-2.2.4-1.jar:/Users/jasper/.m2/repository/org/apache/cxf/cxf-rt-bindings-soap/2.5.0/cxf-rt-bindings-soap-2.5.0.jar:/Users/jasper/.m2/repository/org/apache/cxf/cxf-tools-common/2.5.0/cxf-tools-common-2.5.0.jar:/Users/jasper/.m2/repository/org/apache/cxf/cxf-rt-databinding-jaxb/2.5.0/cxf-rt-databinding-jaxb-2.5.0.jar:/Users/jasper/.m2/repository/org/apache/cxf/cxf-rt-bindings-xml/2.5.0/cxf-rt-bindings-xml-2.5.0.jar:/Users/jasper/.m2/repository/org/apache/cxf/cxf-rt-frontend-simple/2.5.0/cxf-rt-frontend-simple-2.5.0.jar:/Users/jasper/.m2/repository/org/apache/cxf/cxf-rt-ws-addr/2.5.0/cxf-rt-ws-addr-2.5.0.jar:/Users/jasper/.m2/repository/org/apache/cxf/cxf-rt-transports-http/2.5.0/cxf-rt-transports-http-2.5.0.jar:/Users/jasper/.m2/repository/org/apache/cxf/cxf-rt-transports-common/2.5.0/cxf-rt-transports-common-2.5.0.jar:/Users/jasper/.m2/repository/xerces/xercesImpl/2.8.1/xercesImpl-2.8.1.jar:/Users/jasper/.m2/repository/xml-apis/xml-apis/1.3.03/xml-apis-1.3.03.jar:/Users/jasper/.m2/repository/org/apache/solr/solr-core/4.4.0/solr-core-4.4.0.jar:/Users/jasper/.m2/repository/org/apache/lucene/lucene-codecs/4.4.0/lucene-codecs-4.4.0.jar:/Users/jasper/.m2/repository/org/apache/lucene/lucene-analyzers-phonetic/4.4.0/lucene-analyzers-phonetic-4.4.0.jar:/Users/jasper/.m2/repository/org/apache/lucene/lucene-misc/4.4.0/lucene-misc-4.4.0.jar:/Users/jasper/.m2/repository/org/apache/lucene/lucene-suggest/4.4.0/lucene-suggest-4.4.0.jar:/Users/jasper/.m2/repository/org/apache/lucene/lucene-grouping/4.4.0/lucene-grouping-4.4.0.jar:/Users/jasper/.m2/repository/com/googlecode/concurrentlinkedhashmap/concurrentlinkedhashmap-lru/1.2/concurrentlinkedhashmap-lru-1.2.jar:/Users/jasper/.m2/repository/commons-cli/commons-cli/1.2/commons-cli-1.2.jar:/Users/jasper/.m2/repository/commons-fileupload/commons-fileupload/1.2.1/commons-fileupload-1.2.1.jar:/Users/jasper/.m2/repository/joda-time/joda-time/2.2/joda-time-2.2.jar:/Users/jasper/.m2/repository/org/apache/hadoop/hadoop-annotations/2.0.5-alpha/hadoop-annotations-2.0.5-alpha.jar:/Users/jasper/.m2/repository/org/apache/hadoop/hadoop-auth/2.0.5-alpha/hadoop-auth-2.0.5-alpha.jar:/Users/jasper/.m2/repository/org/apache/hadoop/hadoop-common/2.0.5-alpha/hadoop-common-2.0.5-alpha.jar:/Users/jasper/.m2/repository/org/mortbay/jetty/jetty/6.1.26/jetty-6.1.26.jar:/Users/jasper/.m2/repository/org/mortbay/jetty/jetty-util/6.1.26/jetty-util-6.1.26.jar:/Users/jasper/.m2/repository/javax/servlet/jsp/jsp-api/2.1/jsp-api-2.1.jar:/Users/jasper/.m2/repository/commons-configuration/commons-configuration/1.6/commons-configuration-1.6.jar:/Users/jasper/.m2/repository/commons-collections/commons-collections/3.2.1/commons-collections-3.2.1.jar:/Users/jasper/.m2/repository/com/google/protobuf/protobuf-java/2.4.0a/protobuf-java-2.4.0a.jar:/Users/jasper/.m2/repository/org/apache/hadoop/hadoop-hdfs/2.0.5-alpha/hadoop-hdfs-2.0.5-alpha.jar:/Users/jasper/.m2/repository/org/restlet/jee/org.restlet/2.1.1/org.restlet-2.1.1.jar:/Users/jasper/.m2/repository/org/restlet/jee/org.restlet.ext.servlet/2.1.1/org.restlet.ext.servlet-2.1.1.jar:/Users/jasper/.m2/repository/com/google/guava/guava/14.0.1/guava-14.0.1.jar:/Users/jasper/.m2/repository/org/codehaus/woodstox/wstx-asl/3.2.7/wstx-asl-3.2.7.jar:/Users/jasper/.m2/repository/org/apache/solr/solr-solrj/4.4.0/solr-solrj-4.4.0.jar:/Users/jasper/.m2/repository/org/noggit/noggit/0.5/noggit-0.5.jar:/Users/jasper/.m2/repository/org/elasticsearch/elasticsearch/0.90.3/elasticsearch-0.90.3.jar:/Users/jasper/.m2/repository/org/apache/lucene/lucene-join/4.4.0/lucene-join-4.4.0.jar:/Users/jasper/.m2/repository/org/apache/lucene/lucene-core/4.4.0/lucene-core-4.4.0.jar:/Users/jasper/.m2/repository/org/apache/lucene/lucene-queries/4.4.0/lucene-queries-4.4.0.jar:/Users/jasper/.m2/repository/org/apache/lucene/lucene-highlighter/4.4.0/lucene-highlighter-4.4.0.jar:/Users/jasper/.m2/repository/org/apache/lucene/lucene-queryparser/4.4.0/lucene-queryparser-4.4.0.jar:/Users/jasper/.m2/repository/org/apache/lucene/lucene-sandbox/4.4.0/lucene-sandbox-4.4.0.jar:/Users/jasper/.m2/repository/jakarta-regexp/jakarta-regexp/1.4/jakarta-regexp-1.4.jar:/Users/jasper/.m2/repository/org/apache/lucene/lucene-memory/4.4.0/lucene-memory-4.4.0.jar:/Users/jasper/.m2/repository/org/apache/lucene/lucene-analyzers-common/4.4.0/lucene-analyzers-common-4.4.0.jar:/Users/jasper/.m2/repository/org/apache/solr/solr-analysis-extras/4.4.0/solr-analysis-extras-4.4.0.jar:/Users/jasper/.m2/repository/org/apache/lucene/lucene-analyzers-icu/4.4.0/lucene-analyzers-icu-4.4.0.jar:/Users/jasper/.m2/repository/org/apache/lucene/lucene-analyzers-stempel/4.4.0/lucene-analyzers-stempel-4.4.0.jar:/Users/jasper/.m2/repository/com/spatial4j/spatial4j/0.3/spatial4j-0.3.jar:/Users/jasper/.m2/repository/org/apache/lucene/lucene-analyzers-kuromoji/4.4.0/lucene-analyzers-kuromoji-4.4.0.jar:/Users/jasper/.m2/repository/org/apache/lucene/lucene-analyzers-smartcn/4.4.0/lucene-analyzers-smartcn-4.4.0.jar:/Users/jasper/.m2/repository/org/apache/lucene/lucene-spatial/4.4.0/lucene-spatial-4.4.0.jar:/Users/jasper/.m2/repository/com/ibm/icu/icu4j/4.8.1.1/icu4j-4.8.1.1.jar:/Users/jasper/.m2/repository/commons-io/commons-io/2.4/commons-io-2.4.jar:/Users/jasper/.m2/repository/org/apache/zookeeper/zookeeper/3.3.4/zookeeper-3.3.4.jar:/Users/jasper/.m2/repository/jline/jline/0.9.94/jline-0.9.94.jar:/Users/jasper/.m2/repository/org/apache/httpcomponents/httpcore/4.2.4/httpcore-4.2.4.jar:/Users/jasper/.m2/repository/org/apache/httpcomponents/httpclient/4.2.5/httpclient-4.2.5.jar:/Users/jasper/.m2/repository/org/apache/httpcomponents/httpmime/4.2.5/httpmime-4.2.5.jar:/Users/jasper/.m2/repository/net/sourceforge/nekohtml/nekohtml/1.9.14/nekohtml-1.9.14.jar:/Users/jasper/.m2/repository/net/sourceforge/htmlcleaner/htmlcleaner/2.2/htmlcleaner-2.2.jar:/Users/jasper/.m2/repository/org/jdom/jdom/1.1/jdom-1.1.jar:/Users/jasper/.m2/repository/org/apache/ant/ant/1.7.0/ant-1.7.0.jar:/Users/jasper/.m2/repository/org/apache/ant/ant-launcher/1.7.0/ant-launcher-1.7.0.jar:/Users/jasper/.m2/repository/net/sf/opencsv/opencsv/2.3/opencsv-2.3.jar:/Users/jasper/.m2/repository/net/arnx/jsonic/jsonic/1.2.0/jsonic-1.2.0.jar:/Users/jasper/.m2/repository/com/cybozu/labs/langdetect/09132011/langdetect-09132011.jar:/Users/jasper/.m2/repository/org/apache/uima/uimaj-core/2.4.0/uimaj-core-2.4.0.jar:/Users/jasper/.m2/repository/org/apache/opennlp/opennlp-uima/1.5.2-incubating/opennlp-uima-1.5.2-incubating.jar:/Users/jasper/.m2/repository/org/apache/opennlp/opennlp-tools/1.5.2-incubating/opennlp-tools-1.5.2-incubating.jar:/Users/jasper/.m2/repository/org/apache/opennlp/opennlp-maxent/3.0.2-incubating/opennlp-maxent-3.0.2-incubating.jar:/Users/jasper/.m2/repository/jwnl/jwnl/1.3.3/jwnl-1.3.3.jar:/Users/jasper/.m2/repository/org/codehaus/jackson/jackson-mapper-asl/1.9.5/jackson-mapper-asl-1.9.5.jar:/Users/jasper/.m2/repository/org/codehaus/jackson/jackson-core-asl/1.9.5/jackson-core-asl-1.9.5.jar:/Users/jasper/.m2/repository/net/sf/ehcache/ehcache-core/2.4.6/ehcache-core-2.4.6.jar:/Users/jasper/.m2/repository/org/springframework/data/spring-data-mongodb/1.1.1.RELEASE/spring-data-mongodb-1.1.1.RELEASE.jar:/Users/jasper/.m2/repository/org/springframework/data/spring-data-commons-core/1.4.0.RELEASE/spring-data-commons-core-1.4.0.RELEASE.jar:/Users/jasper/.m2/repository/org/mongodb/mongo-java-driver/2.9.1/mongo-java-driver-2.9.1.jar:/Users/jasper/.m2/repository/com/seajas/search/bridge/3.0.0/bridge-3.0.0.jar:/Users/jasper/.m2/repository/com/seajas/search/utilities/3.0.0/utilities-3.0.0.jar:/Users/jasper/.m2/repository/org/springframework/security/spring-security-core/3.1.4.RELEASE/spring-security-core-3.1.4.RELEASE.jar:/Users/jasper/.m2/repository/org/springframework/security/spring-security-web/3.1.4.RELEASE/spring-security-web-3.1.4.RELEASE.jar:/Users/jasper/.m2/repository/org/springframework/spring-jdbc/3.0.7.RELEASE/spring-jdbc-3.0.7.RELEASE.jar:/Users/jasper/.m2/repository/org/springframework/security/spring-security-config/3.1.4.RELEASE/spring-security-config-3.1.4.RELEASE.jar:/Users/jasper/.m2/repository/org/springframework/security/spring-security-taglibs/3.1.4.RELEASE/spring-security-taglibs-3.1.4.RELEASE.jar:/Users/jasper/.m2/repository/org/springframework/security/spring-security-acl/3.1.4.RELEASE/spring-security-acl-3.1.4.RELEASE.jar:/Users/jasper/.m2/repository/org/springframework/ldap/spring-ldap-core/1.3.0.RELEASE/spring-ldap-core-1.3.0.RELEASE.jar:/Users/jasper/.m2/repository/commons-dbcp/commons-dbcp/1.3/commons-dbcp-1.3.jar:/Users/jasper/.m2/repository/commons-pool/commons-pool/1.6/commons-pool-1.6.jar:/Users/jasper/.m2/repository/commons-net/commons-net/3.3/commons-net-3.3.jar:/Users/jasper/.m2/repository/org/hsqldb/hsqldb/2.0.0/hsqldb-2.0.0.jar:/Users/jasper/.m2/repository/org/quartz-scheduler/quartz/2.1.6/quartz-2.1.6.jar:/Users/jasper/.m2/repository/c3p0/c3p0/0.9.1.1/c3p0-0.9.1.1.jar:/Users/jasper/.m2/repository/se/fishtank/css-selectors/1.0.4/css-selectors-1.0.4.jar:/Users/jasper/.m2/repository/nu/validator/htmlparser/htmlparser/1.4/htmlparser-1.4.jar:/Users/jasper/.m2/repository/com/cedarsoftware/json-io/2.0/json-io-2.0.jar:/Users/jasper/.m2/repository/javax/servlet/jstl/1.2/jstl-1.2.jar:/Users/jasper/.m2/repository/taglibs/standard/1.1.2/standard-1.1.2.jar:/Users/jasper/.m2/repository/taglibs/string/1.1.0/string-1.1.0.jar:/Users/jasper/.m2/repository/org/aspectj/aspectjweaver/1.7.2/aspectjweaver-1.7.2.jar:/Users/jasper/.m2/repository/org/directwebremoting/dwr/3.0-r154/dwr-3.0-r154.jar:/Users/jasper/.m2/repository/commons-validator/commons-validator/1.3.1/commons-validator-1.3.1.jar:/Users/jasper/.m2/repository/commons-beanutils/commons-beanutils/1.7.0/commons-beanutils-1.7.0.jar:/Users/jasper/.m2/repository/commons-digester/commons-digester/1.6/commons-digester-1.6.jar:/Users/jasper/.m2/repository/net/sf/ehcache/ehcache-jmsreplication/0.4/ehcache-jmsreplication-0.4.jar:/Users/jasper/.m2/repository/org/rometools/rome-modules/1.0/rome-modules-1.0.jar:/Users/jasper/.m2/repository/org/rometools/rome-fetcher/1.2/rome-fetcher-1.2.jar:/Users/jasper/.m2/repository/com/seajas/search/attender-bridge/3.0.0/attender-bridge-3.0.0.jar:/Users/jasper/.m2/repository/junit/junit/4.6/junit-4.6.jar:"/>
    <property name="java.vm.specification.version" value="1.7"/>
    <property name="sun.arch.data.model" value="64"/>
    <property name="java.home" value="/Library/Java/JavaVirtualMachines/1.7.0.jdk/Contents/Home/jre"/>
    <property name="sun.java.command" value="/var/folders/gl/wnxq42f50k973gz62tddzyv80000gn/T/surefirebooter4913555910381063241.jar /var/folders/gl/wnxq42f50k973gz62tddzyv80000gn/T/surefire8274130895132007391tmp /var/folders/gl/wnxq42f50k973gz62tddzyv80000gn/T/surefire5802165148838208543tmp"/>
    <property name="java.specification.vendor" value="Oracle Corporation"/>
    <property name="user.language" value="en"/>
    <property name="user.language.format" value="nl"/>
    <property name="awt.toolkit" value="sun.lwawt.macosx.LWCToolkit"/>
    <property name="java.vm.info" value="mixed mode"/>
    <property name="java.version" value="1.7.0_04-ea"/>
    <property name="java.ext.dirs" value="/Users/jasper/Library/Java/Extensions:/Library/Java/JavaVirtualMachines/1.7.0.jdk/Contents/Home/jre/lib/ext:/Library/Java/Extensions:/Network/Library/Java/Extensions:/System/Library/Java/Extensions:/usr/lib/java"/>
    <property name="sun.boot.class.path" value="/Library/Java/JavaVirtualMachines/1.7.0.jdk/Contents/Home/jre/lib/resources.jar:/Library/Java/JavaVirtualMachines/1.7.0.jdk/Contents/Home/jre/lib/rt.jar:/Library/Java/JavaVirtualMachines/1.7.0.jdk/Contents/Home/jre/lib/sunrsasign.jar:/Library/Java/JavaVirtualMachines/1.7.0.jdk/Contents/Home/jre/lib/jsse.jar:/Library/Java/JavaVirtualMachines/1.7.0.jdk/Contents/Home/jre/lib/jce.jar:/Library/Java/JavaVirtualMachines/1.7.0.jdk/Contents/Home/jre/lib/charsets.jar:/Library/Java/JavaVirtualMachines/1.7.0.jdk/Contents/Home/jre/lib/jfr.jar:/Library/Java/JavaVirtualMachines/1.7.0.jdk/Contents/Home/jre/lib/JObjC.jar:/Library/Java/JavaVirtualMachines/1.7.0.jdk/Contents/Home/jre/classes"/>
    <property name="java.vendor" value="Oracle Corporation"/>
    <property name="localRepository" value="/Users/jasper/.m2/repository"/>
    <property name="file.separator" value="/"/>
    <property name="java.vendor.url.bug" value="http://bugreport.sun.com/bugreport/"/>
    <property name="sun.cpu.endian" value="little"/>
    <property name="sun.io.unicode.encoding" value="UnicodeBig"/>
    <property name="socksNonProxyHosts" value="local|*.local|169.254/16|*.169.254/16"/>
    <property name="ftp.nonProxyHosts" value="local|*.local|169.254/16|*.169.254/16"/>
    <property name="sun.cpu.isalist" value=""/>
  </properties>
  <testcase time="0.793" classname="com.seajas.search.enricher.extensions.subrip.SubRipParserTest" name="testSubRipParser"/>
</testsuite>